Arguments: 
  /home/mark/.asdf/installs/nodejs/16.14.2/bin/node /home/mark/.asdf/installs/nodejs/16.14.2/.npm/bin/yarn init

PATH: 
  /home/mark/.asdf/installs/nodejs/16.14.2/.npm/bin:/home/mark/.asdf/installs/nodejs/16.14.2/bin:/home/mark/.local/share/pnpm:/home/mark/.local/share/solana/install/active_release/bin:/home/mark/bin:/home/mark/.serverless/bin:/home/mark/.asdf/shims:/home/mark/.asdf/bin:/home/mark/.nix-profile/bin:/home/mark/.local/share/pnpm:/home/mark/.local/share/solana/install/active_release/bin:/home/mark/bin:/home/mark/.serverless/bin:/home/mark/.nix-profile/bin:/home/mark/.nix-profile/bin:/home/mark/.local/share/solana/install/active_release/bin:/home/mark/.cargo/bin:/home/mark/.local/bin:/usr/local/sbin:/usr/local/bin:/usr/sbin:/usr/bin:/sbin:/bin:/usr/games:/usr/local/games:/snap/bin:/snap/bin:/home/mark/Android/Sdk/emulator:/home/mark/Android/Sdk/tools:/home/mark/Android/Sdk/tools/bin:/home/mark/Android/Sdk/platform-tools:/home/mark/.cabal/bin:/home/mark/.ghcup/bin:/home/mark/Android/Sdk/emulator:/home/mark/Android/Sdk/tools:/home/mark/Android/Sdk/tools/bin:/home/mark/Android/Sdk/platform-tools:/home/mark/.cabal/bin:/home/mark/.ghcup/bin

Yarn version: 
  1.22.18

Node version: 
  16.14.2

Platform: 
  linux x64

Trace: 
  Error: canceled
      at Interface.<anonymous> (/home/mark/.asdf/installs/nodejs/16.14.2/.npm/lib/node_modules/yarn/lib/cli.js:137143:13)
      at Interface.emit (node:events:526:28)
      at Interface._ttyWrite (node:readline:1081:16)
      at ReadStream.onkeypress (node:readline:288:10)
      at ReadStream.emit (node:events:526:28)
      at emitKeys (node:internal/readline/utils:358:14)
      at emitKeys.next (<anonymous>)
      at ReadStream.onData (node:internal/readline/emitKeypressEvents:61:36)
      at ReadStream.emit (node:events:526:28)
      at addChunk (node:internal/streams/readable:315:12)

npm manifest: 
  No manifest

yarn manifest: 
  No manifest

Lockfile: 
  No lockfile
